<?xml version="1.0" encoding="UTF-8"?>
<testsuite xmlns:xsi="http://www.w3.org/2001/XMLSchema-instance" xsi:noNamespaceSchemaLocation="https://maven.apache.org/surefire/maven-surefire-plugin/xsd/surefire-test-report-3.0.xsd" version="3.0" name="com.himanshu.weather.AppTest" time="0.022" tests="1" errors="0" skipped="0" failures="0">
  <properties>
    <property name="java.specification.version" value="21"/>
    <property name="sun.cpu.isalist" value="amd64"/>
    <property name="sun.jnu.encoding" value="Cp1252"/>
    <property name="java.class.path" value="D:\Dropwizard Projects\WeatherApp\target\test-classes;D:\Dropwizard Projects\WeatherApp\target\classes;C:\Users\himan\.m2\repository\junit\junit\3.8.1\junit-3.8.1.jar;C:\Users\himan\.m2\repository\io\dropwizard\dropwizard-core\4.0.0\dropwizard-core-4.0.0.jar;C:\Users\himan\.m2\repository\io\dropwizard\dropwizard-util\4.0.0\dropwizard-util-4.0.0.jar;C:\Users\himan\.m2\repository\io\dropwizard\dropwizard-jackson\4.0.0\dropwizard-jackson-4.0.0.jar;C:\Users\himan\.m2\repository\com\google\guava\guava\31.1-jre\guava-31.1-jre.jar;C:\Users\himan\.m2\repository\com\google\guava\failureaccess\1.0.1\failureaccess-1.0.1.jar;C:\Users\himan\.m2\repository\com\google\guava\listenablefuture\9999.0-empty-to-avoid-conflict-with-guava\listenablefuture-9999.0-empty-to-avoid-conflict-with-guava.jar;C:\Users\himan\.m2\repository\com\google\j2objc\j2objc-annotations\1.3\j2objc-annotations-1.3.jar;C:\Users\himan\.m2\repository\com\github\ben-manes\caffeine\caffeine\3.1.5\caffeine-3.1.5.jar;C:\Users\himan\.m2\repository\com\fasterxml\jackson\datatype\jackson-datatype-guava\2.14.2\jackson-datatype-guava-2.14.2.jar;C:\Users\himan\.m2\repository\com\fasterxml\jackson\datatype\jackson-datatype-jsr310\2.14.2\jackson-datatype-jsr310-2.14.2.jar;C:\Users\himan\.m2\repository\com\fasterxml\jackson\datatype\jackson-datatype-jdk8\2.14.2\jackson-datatype-jdk8-2.14.2.jar;C:\Users\himan\.m2\repository\com\fasterxml\jackson\module\jackson-module-parameter-names\2.14.2\jackson-module-parameter-names-2.14.2.jar;C:\Users\himan\.m2\repository\com\fasterxml\jackson\module\jackson-module-blackbird\2.14.2\jackson-module-blackbird-2.14.2.jar;C:\Users\himan\.m2\repository\io\dropwizard\dropwizard-validation\4.0.0\dropwizard-validation-4.0.0.jar;C:\Users\himan\.m2\repository\com\fasterxml\classmate\1.5.1\classmate-1.5.1.jar;C:\Users\himan\.m2\repository\org\glassfish\jakarta.el\4.0.2\jakarta.el-4.0.2.jar;C:\Users\himan\.m2\repository\jakarta\el\jakarta.el-api\4.0.0\jakarta.el-api-4.0.0.jar;C:\Users\himan\.m2\repository\io\dropwizard\dropwizard-configuration\4.0.0\dropwizard-configuration-4.0.0.jar;C:\Users\himan\.m2\repository\com\fasterxml\jackson\dataformat\jackson-dataformat-yaml\2.14.2\jackson-dataformat-yaml-2.14.2.jar;C:\Users\himan\.m2\repository\org\yaml\snakeyaml\1.33\snakeyaml-1.33.jar;C:\Users\himan\.m2\repository\org\apache\commons\commons-text\1.10.0\commons-text-1.10.0.jar;C:\Users\himan\.m2\repository\org\apache\commons\commons-lang3\3.12.0\commons-lang3-3.12.0.jar;C:\Users\himan\.m2\repository\io\dropwizard\dropwizard-logging\4.0.0\dropwizard-logging-4.0.0.jar;C:\Users\himan\.m2\repository\io\dropwizard\metrics\metrics-logback\4.2.18\metrics-logback-4.2.18.jar;C:\Users\himan\.m2\repository\org\slf4j\jul-to-slf4j\2.0.7\jul-to-slf4j-2.0.7.jar;C:\Users\himan\.m2\repository\ch\qos\logback\logback-core\1.4.6\logback-core-1.4.6.jar;C:\Users\himan\.m2\repository\com\google\errorprone\error_prone_annotations\2.18.0\error_prone_annotations-2.18.0.jar;C:\Users\himan\.m2\repository\io\dropwizard\logback\logback-throttling-appender\1.1.9\logback-throttling-appender-1.1.9.jar;C:\Users\himan\.m2\repository\org\slf4j\log4j-over-slf4j\2.0.7\log4j-over-slf4j-2.0.7.jar;C:\Users\himan\.m2\repository\org\slf4j\jcl-over-slf4j\2.0.7\jcl-over-slf4j-2.0.7.jar;C:\Users\himan\.m2\repository\io\dropwizard\dropwizard-metrics\4.0.0\dropwizard-metrics-4.0.0.jar;C:\Users\himan\.m2\repository\io\dropwizard\dropwizard-jersey\4.0.0\dropwizard-jersey-4.0.0.jar;C:\Users\himan\.m2\repository\org\glassfish\jersey\core\jersey-server\3.0.9\jersey-server-3.0.9.jar;C:\Users\himan\.m2\repository\org\glassfish\jersey\ext\jersey-metainf-services\3.0.9\jersey-metainf-services-3.0.9.jar;C:\Users\himan\.m2\repository\org\glassfish\jersey\inject\jersey-hk2\3.0.9\jersey-hk2-3.0.9.jar;C:\Users\himan\.m2\repository\org\glassfish\hk2\hk2-locator\3.0.3\hk2-locator-3.0.3.jar;C:\Users\himan\.m2\repository\org\javassist\javassist\3.29.2-GA\javassist-3.29.2-GA.jar;C:\Users\himan\.m2\repository\io\dropwizard\metrics\metrics-jersey3\4.2.18\metrics-jersey3-4.2.18.jar;C:\Users\himan\.m2\repository\com\fasterxml\jackson\jakarta\rs\jackson-jakarta-rs-json-provider\2.14.2\jackson-jakarta-rs-json-provider-2.14.2.jar;C:\Users\himan\.m2\repository\com\fasterxml\jackson\jakarta\rs\jackson-jakarta-rs-base\2.14.2\jackson-jakarta-rs-base-2.14.2.jar;C:\Users\himan\.m2\repository\com\fasterxml\jackson\module\jackson-module-jakarta-xmlbind-annotations\2.14.2\jackson-module-jakarta-xmlbind-annotations-2.14.2.jar;C:\Users\himan\.m2\repository\jakarta\xml\bind\jakarta.xml.bind-api\3.0.1\jakarta.xml.bind-api-3.0.1.jar;C:\Users\himan\.m2\repository\com\sun\activation\jakarta.activation\2.0.1\jakarta.activation-2.0.1.jar;C:\Users\himan\.m2\repository\jakarta\activation\jakarta.activation-api\2.1.0\jakarta.activation-api-2.1.0.jar;C:\Users\himan\.m2\repository\jakarta\annotation\jakarta.annotation-api\2.0.0\jakarta.annotation-api-2.0.0.jar;C:\Users\himan\.m2\repository\org\glassfish\hk2\hk2-api\3.0.3\hk2-api-3.0.3.jar;C:\Users\himan\.m2\repository\org\glassfish\hk2\hk2-utils\3.0.3\hk2-utils-3.0.3.jar;C:\Users\himan\.m2\repository\org\glassfish\hk2\external\aopalliance-repackaged\3.0.3\aopalliance-repackaged-3.0.3.jar;C:\Users\himan\.m2\repository\org\glassfish\jersey\containers\jersey-container-servlet\3.0.9\jersey-container-servlet-3.0.9.jar;C:\Users\himan\.m2\repository\org\glassfish\jersey\containers\jersey-container-servlet-core\3.0.9\jersey-container-servlet-core-3.0.9.jar;C:\Users\himan\.m2\repository\org\glassfish\jersey\core\jersey-client\3.0.9\jersey-client-3.0.9.jar;C:\Users\himan\.m2\repository\org\eclipse\jetty\jetty-io\11.0.14\jetty-io-11.0.14.jar;C:\Users\himan\.m2\repository\io\dropwizard\dropwizard-servlets\4.0.0\dropwizard-servlets-4.0.0.jar;C:\Users\himan\.m2\repository\io\dropwizard\dropwizard-jetty\4.0.0\dropwizard-jetty-4.0.0.jar;C:\Users\himan\.m2\repository\org\eclipse\jetty\jetty-servlets\11.0.14\jetty-servlets-11.0.14.jar;C:\Users\himan\.m2\repository\org\eclipse\jetty\jetty-http\11.0.14\jetty-http-11.0.14.jar;C:\Users\himan\.m2\repository\io\dropwizard\dropwizard-lifecycle\4.0.0\dropwizard-lifecycle-4.0.0.jar;C:\Users\himan\.m2\repository\io\dropwizard\dropwizard-health\4.0.0\dropwizard-health-4.0.0.jar;C:\Users\himan\.m2\repository\io\dropwizard\metrics\metrics-core\4.2.18\metrics-core-4.2.18.jar;C:\Users\himan\.m2\repository\io\dropwizard\metrics\metrics-annotation\4.2.18\metrics-annotation-4.2.18.jar;C:\Users\himan\.m2\repository\io\dropwizard\metrics\metrics-jetty11\4.2.18\metrics-jetty11-4.2.18.jar;C:\Users\himan\.m2\repository\io\dropwizard\metrics\metrics-jvm\4.2.18\metrics-jvm-4.2.18.jar;C:\Users\himan\.m2\repository\io\dropwizard\metrics\metrics-jmx\4.2.18\metrics-jmx-4.2.18.jar;C:\Users\himan\.m2\repository\io\dropwizard\metrics\metrics-jakarta-servlets\4.2.18\metrics-jakarta-servlets-4.2.18.jar;C:\Users\himan\.m2\repository\io\dropwizard\metrics\metrics-json\4.2.18\metrics-json-4.2.18.jar;C:\Users\himan\.m2\repository\com\helger\profiler\1.1.1\profiler-1.1.1.jar;C:\Users\himan\.m2\repository\io\dropwizard\metrics\metrics-healthchecks\4.2.18\metrics-healthchecks-4.2.18.jar;C:\Users\himan\.m2\repository\io\dropwizard\dropwizard-request-logging\4.0.0\dropwizard-request-logging-4.0.0.jar;C:\Users\himan\.m2\repository\ch\qos\logback\logback-access\1.4.6\logback-access-1.4.6.jar;C:\Users\himan\.m2\repository\ch\qos\logback\logback-classic\1.4.6\logback-classic-1.4.6.jar;C:\Users\himan\.m2\repository\com\fasterxml\jackson\core\jackson-annotations\2.14.2\jackson-annotations-2.14.2.jar;C:\Users\himan\.m2\repository\org\checkerframework\checker-qual\3.32.0\checker-qual-3.32.0.jar;C:\Users\himan\.m2\repository\jakarta\servlet\jakarta.servlet-api\5.0.0\jakarta.servlet-api-5.0.0.jar;C:\Users\himan\.m2\repository\jakarta\validation\jakarta.validation-api\3.0.2\jakarta.validation-api-3.0.2.jar;C:\Users\himan\.m2\repository\jakarta\ws\rs\jakarta.ws.rs-api\3.0.0\jakarta.ws.rs-api-3.0.0.jar;C:\Users\himan\.m2\repository\net\sourceforge\argparse4j\argparse4j\0.9.0\argparse4j-0.9.0.jar;C:\Users\himan\.m2\repository\org\eclipse\jetty\jetty-security\11.0.14\jetty-security-11.0.14.jar;C:\Users\himan\.m2\repository\org\eclipse\jetty\jetty-server\11.0.14\jetty-server-11.0.14.jar;C:\Users\himan\.m2\repository\org\eclipse\jetty\jetty-servlet\11.0.14\jetty-servlet-11.0.14.jar;C:\Users\himan\.m2\repository\org\eclipse\jetty\jetty-util\11.0.14\jetty-util-11.0.14.jar;C:\Users\himan\.m2\repository\org\eclipse\jetty\toolchain\setuid\jetty-setuid-java\1.0.4\jetty-setuid-java-1.0.4.jar;C:\Users\himan\.m2\repository\jakarta\inject\jakarta.inject-api\2.0.1.MR\jakarta.inject-api-2.0.1.MR.jar;C:\Users\himan\.m2\repository\org\glassfish\jersey\core\jersey-common\3.0.9\jersey-common-3.0.9.jar;C:\Users\himan\.m2\repository\org\glassfish\hk2\osgi-resource-locator\1.0.3\osgi-resource-locator-1.0.3.jar;C:\Users\himan\.m2\repository\org\glassfish\jersey\ext\jersey-bean-validation\3.0.9\jersey-bean-validation-3.0.9.jar;C:\Users\himan\.m2\repository\org\jboss\logging\jboss-logging\3.4.2.Final\jboss-logging-3.4.2.Final.jar;C:\Users\himan\.m2\repository\org\hibernate\validator\hibernate-validator\7.0.5.Final\hibernate-validator-7.0.5.Final.jar;C:\Users\himan\.m2\repository\org\slf4j\slf4j-api\2.0.7\slf4j-api-2.0.7.jar;C:\Users\himan\.m2\repository\com\fasterxml\jackson\core\jackson-databind\2.15.0\jackson-databind-2.15.0.jar;C:\Users\himan\.m2\repository\com\fasterxml\jackson\core\jackson-core\2.15.0\jackson-core-2.15.0.jar;C:\Users\himan\.m2\repository\org\apache\httpcomponents\client5\httpclient5\5.2\httpclient5-5.2.jar;C:\Users\himan\.m2\repository\org\apache\httpcomponents\core5\httpcore5\5.2\httpcore5-5.2.jar;C:\Users\himan\.m2\repository\org\apache\httpcomponents\core5\httpcore5-h2\5.2\httpcore5-h2-5.2.jar;"/>
    <property name="java.vm.vendor" value="Eclipse Adoptium"/>
    <property name="sun.arch.data.model" value="64"/>
    <property name="user.variant" value=""/>
    <property name="java.vendor.url" value="https://adoptium.net/"/>
    <property name="user.timezone" value="Asia/Calcutta"/>
    <property name="os.name" value="Windows 11"/>
    <property name="java.vm.specification.version" value="21"/>
    <property name="sun.java.launcher" value="SUN_STANDARD"/>
    <property name="user.country" value="IN"/>
    <property name="sun.boot.library.path" value="C:\Program Files\Eclipse Adoptium\jdk-21.0.4.7-hotspot\bin"/>
    <property name="sun.java.command" value="C:\Users\himan\AppData\Local\Temp\surefire6607542588820382840\surefirebooter-20250328213141512_3.jar C:\Users\himan\AppData\Local\Temp\surefire6607542588820382840 2025-03-28T21-31-41_383-jvmRun1 surefire-20250328213141512_1tmp surefire_0-20250328213141512_2tmp"/>
    <property name="jdk.debug" value="release"/>
    <property name="surefire.test.class.path" value="D:\Dropwizard Projects\WeatherApp\target\test-classes;D:\Dropwizard Projects\WeatherApp\target\classes;C:\Users\himan\.m2\repository\junit\junit\3.8.1\junit-3.8.1.jar;C:\Users\himan\.m2\repository\io\dropwizard\dropwizard-core\4.0.0\dropwizard-core-4.0.0.jar;C:\Users\himan\.m2\repository\io\dropwizard\dropwizard-util\4.0.0\dropwizard-util-4.0.0.jar;C:\Users\himan\.m2\repository\io\dropwizard\dropwizard-jackson\4.0.0\dropwizard-jackson-4.0.0.jar;C:\Users\himan\.m2\repository\com\google\guava\guava\31.1-jre\guava-31.1-jre.jar;C:\Users\himan\.m2\repository\com\google\guava\failureaccess\1.0.1\failureaccess-1.0.1.jar;C:\Users\himan\.m2\repository\com\google\guava\listenablefuture\9999.0-empty-to-avoid-conflict-with-guava\listenablefuture-9999.0-empty-to-avoid-conflict-with-guava.jar;C:\Users\himan\.m2\repository\com\google\j2objc\j2objc-annotations\1.3\j2objc-annotations-1.3.jar;C:\Users\himan\.m2\repository\com\github\ben-manes\caffeine\caffeine\3.1.5\caffeine-3.1.5.jar;C:\Users\himan\.m2\repository\com\fasterxml\jackson\datatype\jackson-datatype-guava\2.14.2\jackson-datatype-guava-2.14.2.jar;C:\Users\himan\.m2\repository\com\fasterxml\jackson\datatype\jackson-datatype-jsr310\2.14.2\jackson-datatype-jsr310-2.14.2.jar;C:\Users\himan\.m2\repository\com\fasterxml\jackson\datatype\jackson-datatype-jdk8\2.14.2\jackson-datatype-jdk8-2.14.2.jar;C:\Users\himan\.m2\repository\com\fasterxml\jackson\module\jackson-module-parameter-names\2.14.2\jackson-module-parameter-names-2.14.2.jar;C:\Users\himan\.m2\repository\com\fasterxml\jackson\module\jackson-module-blackbird\2.14.2\jackson-module-blackbird-2.14.2.jar;C:\Users\himan\.m2\repository\io\dropwizard\dropwizard-validation\4.0.0\dropwizard-validation-4.0.0.jar;C:\Users\himan\.m2\repository\com\fasterxml\classmate\1.5.1\classmate-1.5.1.jar;C:\Users\himan\.m2\repository\org\glassfish\jakarta.el\4.0.2\jakarta.el-4.0.2.jar;C:\Users\himan\.m2\repository\jakarta\el\jakarta.el-api\4.0.0\jakarta.el-api-4.0.0.jar;C:\Users\himan\.m2\repository\io\dropwizard\dropwizard-configuration\4.0.0\dropwizard-configuration-4.0.0.jar;C:\Users\himan\.m2\repository\com\fasterxml\jackson\dataformat\jackson-dataformat-yaml\2.14.2\jackson-dataformat-yaml-2.14.2.jar;C:\Users\himan\.m2\repository\org\yaml\snakeyaml\1.33\snakeyaml-1.33.jar;C:\Users\himan\.m2\repository\org\apache\commons\commons-text\1.10.0\commons-text-1.10.0.jar;C:\Users\himan\.m2\repository\org\apache\commons\commons-lang3\3.12.0\commons-lang3-3.12.0.jar;C:\Users\himan\.m2\repository\io\dropwizard\dropwizard-logging\4.0.0\dropwizard-logging-4.0.0.jar;C:\Users\himan\.m2\repository\io\dropwizard\metrics\metrics-logback\4.2.18\metrics-logback-4.2.18.jar;C:\Users\himan\.m2\repository\org\slf4j\jul-to-slf4j\2.0.7\jul-to-slf4j-2.0.7.jar;C:\Users\himan\.m2\repository\ch\qos\logback\logback-core\1.4.6\logback-core-1.4.6.jar;C:\Users\himan\.m2\repository\com\google\errorprone\error_prone_annotations\2.18.0\error_prone_annotations-2.18.0.jar;C:\Users\himan\.m2\repository\io\dropwizard\logback\logback-throttling-appender\1.1.9\logback-throttling-appender-1.1.9.jar;C:\Users\himan\.m2\repository\org\slf4j\log4j-over-slf4j\2.0.7\log4j-over-slf4j-2.0.7.jar;C:\Users\himan\.m2\repository\org\slf4j\jcl-over-slf4j\2.0.7\jcl-over-slf4j-2.0.7.jar;C:\Users\himan\.m2\repository\io\dropwizard\dropwizard-metrics\4.0.0\dropwizard-metrics-4.0.0.jar;C:\Users\himan\.m2\repository\io\dropwizard\dropwizard-jersey\4.0.0\dropwizard-jersey-4.0.0.jar;C:\Users\himan\.m2\repository\org\glassfish\jersey\core\jersey-server\3.0.9\jersey-server-3.0.9.jar;C:\Users\himan\.m2\repository\org\glassfish\jersey\ext\jersey-metainf-services\3.0.9\jersey-metainf-services-3.0.9.jar;C:\Users\himan\.m2\repository\org\glassfish\jersey\inject\jersey-hk2\3.0.9\jersey-hk2-3.0.9.jar;C:\Users\himan\.m2\repository\org\glassfish\hk2\hk2-locator\3.0.3\hk2-locator-3.0.3.jar;C:\Users\himan\.m2\repository\org\javassist\javassist\3.29.2-GA\javassist-3.29.2-GA.jar;C:\Users\himan\.m2\repository\io\dropwizard\metrics\metrics-jersey3\4.2.18\metrics-jersey3-4.2.18.jar;C:\Users\himan\.m2\repository\com\fasterxml\jackson\jakarta\rs\jackson-jakarta-rs-json-provider\2.14.2\jackson-jakarta-rs-json-provider-2.14.2.jar;C:\Users\himan\.m2\repository\com\fasterxml\jackson\jakarta\rs\jackson-jakarta-rs-base\2.14.2\jackson-jakarta-rs-base-2.14.2.jar;C:\Users\himan\.m2\repository\com\fasterxml\jackson\module\jackson-module-jakarta-xmlbind-annotations\2.14.2\jackson-module-jakarta-xmlbind-annotations-2.14.2.jar;C:\Users\himan\.m2\repository\jakarta\xml\bind\jakarta.xml.bind-api\3.0.1\jakarta.xml.bind-api-3.0.1.jar;C:\Users\himan\.m2\repository\com\sun\activation\jakarta.activation\2.0.1\jakarta.activation-2.0.1.jar;C:\Users\himan\.m2\repository\jakarta\activation\jakarta.activation-api\2.1.0\jakarta.activation-api-2.1.0.jar;C:\Users\himan\.m2\repository\jakarta\annotation\jakarta.annotation-api\2.0.0\jakarta.annotation-api-2.0.0.jar;C:\Users\himan\.m2\repository\org\glassfish\hk2\hk2-api\3.0.3\hk2-api-3.0.3.jar;C:\Users\himan\.m2\repository\org\glassfish\hk2\hk2-utils\3.0.3\hk2-utils-3.0.3.jar;C:\Users\himan\.m2\repository\org\glassfish\hk2\external\aopalliance-repackaged\3.0.3\aopalliance-repackaged-3.0.3.jar;C:\Users\himan\.m2\repository\org\glassfish\jersey\containers\jersey-container-servlet\3.0.9\jersey-container-servlet-3.0.9.jar;C:\Users\himan\.m2\repository\org\glassfish\jersey\containers\jersey-container-servlet-core\3.0.9\jersey-container-servlet-core-3.0.9.jar;C:\Users\himan\.m2\repository\org\glassfish\jersey\core\jersey-client\3.0.9\jersey-client-3.0.9.jar;C:\Users\himan\.m2\repository\org\eclipse\jetty\jetty-io\11.0.14\jetty-io-11.0.14.jar;C:\Users\himan\.m2\repository\io\dropwizard\dropwizard-servlets\4.0.0\dropwizard-servlets-4.0.0.jar;C:\Users\himan\.m2\repository\io\dropwizard\dropwizard-jetty\4.0.0\dropwizard-jetty-4.0.0.jar;C:\Users\himan\.m2\repository\org\eclipse\jetty\jetty-servlets\11.0.14\jetty-servlets-11.0.14.jar;C:\Users\himan\.m2\repository\org\eclipse\jetty\jetty-http\11.0.14\jetty-http-11.0.14.jar;C:\Users\himan\.m2\repository\io\dropwizard\dropwizard-lifecycle\4.0.0\dropwizard-lifecycle-4.0.0.jar;C:\Users\himan\.m2\repository\io\dropwizard\dropwizard-health\4.0.0\dropwizard-health-4.0.0.jar;C:\Users\himan\.m2\repository\io\dropwizard\metrics\metrics-core\4.2.18\metrics-core-4.2.18.jar;C:\Users\himan\.m2\repository\io\dropwizard\metrics\metrics-annotation\4.2.18\metrics-annotation-4.2.18.jar;C:\Users\himan\.m2\repository\io\dropwizard\metrics\metrics-jetty11\4.2.18\metrics-jetty11-4.2.18.jar;C:\Users\himan\.m2\repository\io\dropwizard\metrics\metrics-jvm\4.2.18\metrics-jvm-4.2.18.jar;C:\Users\himan\.m2\repository\io\dropwizard\metrics\metrics-jmx\4.2.18\metrics-jmx-4.2.18.jar;C:\Users\himan\.m2\repository\io\dropwizard\metrics\metrics-jakarta-servlets\4.2.18\metrics-jakarta-servlets-4.2.18.jar;C:\Users\himan\.m2\repository\io\dropwizard\metrics\metrics-json\4.2.18\metrics-json-4.2.18.jar;C:\Users\himan\.m2\repository\com\helger\profiler\1.1.1\profiler-1.1.1.jar;C:\Users\himan\.m2\repository\io\dropwizard\metrics\metrics-healthchecks\4.2.18\metrics-healthchecks-4.2.18.jar;C:\Users\himan\.m2\repository\io\dropwizard\dropwizard-request-logging\4.0.0\dropwizard-request-logging-4.0.0.jar;C:\Users\himan\.m2\repository\ch\qos\logback\logback-access\1.4.6\logback-access-1.4.6.jar;C:\Users\himan\.m2\repository\ch\qos\logback\logback-classic\1.4.6\logback-classic-1.4.6.jar;C:\Users\himan\.m2\repository\com\fasterxml\jackson\core\jackson-annotations\2.14.2\jackson-annotations-2.14.2.jar;C:\Users\himan\.m2\repository\org\checkerframework\checker-qual\3.32.0\checker-qual-3.32.0.jar;C:\Users\himan\.m2\repository\jakarta\servlet\jakarta.servlet-api\5.0.0\jakarta.servlet-api-5.0.0.jar;C:\Users\himan\.m2\repository\jakarta\validation\jakarta.validation-api\3.0.2\jakarta.validation-api-3.0.2.jar;C:\Users\himan\.m2\repository\jakarta\ws\rs\jakarta.ws.rs-api\3.0.0\jakarta.ws.rs-api-3.0.0.jar;C:\Users\himan\.m2\repository\net\sourceforge\argparse4j\argparse4j\0.9.0\argparse4j-0.9.0.jar;C:\Users\himan\.m2\repository\org\eclipse\jetty\jetty-security\11.0.14\jetty-security-11.0.14.jar;C:\Users\himan\.m2\repository\org\eclipse\jetty\jetty-server\11.0.14\jetty-server-11.0.14.jar;C:\Users\himan\.m2\repository\org\eclipse\jetty\jetty-servlet\11.0.14\jetty-servlet-11.0.14.jar;C:\Users\himan\.m2\repository\org\eclipse\jetty\jetty-util\11.0.14\jetty-util-11.0.14.jar;C:\Users\himan\.m2\repository\org\eclipse\jetty\toolchain\setuid\jetty-setuid-java\1.0.4\jetty-setuid-java-1.0.4.jar;C:\Users\himan\.m2\repository\jakarta\inject\jakarta.inject-api\2.0.1.MR\jakarta.inject-api-2.0.1.MR.jar;C:\Users\himan\.m2\repository\org\glassfish\jersey\core\jersey-common\3.0.9\jersey-common-3.0.9.jar;C:\Users\himan\.m2\repository\org\glassfish\hk2\osgi-resource-locator\1.0.3\osgi-resource-locator-1.0.3.jar;C:\Users\himan\.m2\repository\org\glassfish\jersey\ext\jersey-bean-validation\3.0.9\jersey-bean-validation-3.0.9.jar;C:\Users\himan\.m2\repository\org\jboss\logging\jboss-logging\3.4.2.Final\jboss-logging-3.4.2.Final.jar;C:\Users\himan\.m2\repository\org\hibernate\validator\hibernate-validator\7.0.5.Final\hibernate-validator-7.0.5.Final.jar;C:\Users\himan\.m2\repository\org\slf4j\slf4j-api\2.0.7\slf4j-api-2.0.7.jar;C:\Users\himan\.m2\repository\com\fasterxml\jackson\core\jackson-databind\2.15.0\jackson-databind-2.15.0.jar;C:\Users\himan\.m2\repository\com\fasterxml\jackson\core\jackson-core\2.15.0\jackson-core-2.15.0.jar;C:\Users\himan\.m2\repository\org\apache\httpcomponents\client5\httpclient5\5.2\httpclient5-5.2.jar;C:\Users\himan\.m2\repository\org\apache\httpcomponents\core5\httpcore5\5.2\httpcore5-5.2.jar;C:\Users\himan\.m2\repository\org\apache\httpcomponents\core5\httpcore5-h2\5.2\httpcore5-h2-5.2.jar;"/>
    <property name="sun.cpu.endian" value="little"/>
    <property name="user.home" value="C:\Users\himan"/>
    <property name="user.language" value="en"/>
    <property name="java.specification.vendor" value="Oracle Corporation"/>
    <property name="java.version.date" value="2024-07-16"/>
    <property name="java.home" value="C:\Program Files\Eclipse Adoptium\jdk-21.0.4.7-hotspot"/>
    <property name="file.separator" value="\"/>
    <property name="basedir" value="D:\Dropwizard Projects\WeatherApp"/>
    <property name="java.vm.compressedOopsMode" value="32-bit"/>
    <property name="line.separator" value="&#10;"/>
    <property name="java.vm.specification.vendor" value="Oracle Corporation"/>
    <property name="java.specification.name" value="Java Platform API Specification"/>
    <property name="surefire.real.class.path" value="C:\Users\himan\AppData\Local\Temp\surefire6607542588820382840\surefirebooter-20250328213141512_3.jar"/>
    <property name="user.script" value=""/>
    <property name="sun.management.compiler" value="HotSpot 64-Bit Tiered Compilers"/>
    <property name="java.runtime.version" value="21.0.4+7-LTS"/>
    <property name="user.name" value="himan"/>
    <property name="stdout.encoding" value="Cp1252"/>
    <property name="path.separator" value=";"/>
    <property name="os.version" value="10.0"/>
    <property name="java.runtime.name" value="OpenJDK Runtime Environment"/>
    <property name="file.encoding" value="UTF-8"/>
    <property name="java.vm.name" value="OpenJDK 64-Bit Server VM"/>
    <property name="java.vendor.version" value="Temurin-21.0.4+7"/>
    <property name="localRepository" value="C:\Users\himan\.m2\repository"/>
    <property name="java.vendor.url.bug" value="https://github.com/adoptium/adoptium-support/issues"/>
    <property name="java.io.tmpdir" value="C:\Users\himan\AppData\Local\Temp\"/>
    <property name="java.version" value="21.0.4"/>
    <property name="user.dir" value="D:\Dropwizard Projects\WeatherApp"/>
    <property name="os.arch" value="amd64"/>
    <property name="java.vm.specification.name" value="Java Virtual Machine Specification"/>
    <property name="sun.os.patch.level" value=""/>
    <property name="native.encoding" value="Cp1252"/>
    <property name="java.library.path" value="C:\Program Files\Eclipse Adoptium\jdk-21.0.4.7-hotspot\bin;C:\WINDOWS\Sun\Java\bin;C:\WINDOWS\system32;C:\WINDOWS;C:\Program Files\Eclipse Adoptium\jdk-21.0.4.7-hotspot\bin;C:\WINDOWS\system32;C:\WINDOWS;C:\WINDOWS\System32\Wbem;C:\WINDOWS\System32\WindowsPowerShell\v1.0\;C:\WINDOWS\System32\OpenSSH\;C:\Program Files\nodejs\;C:\Program Files\Microsoft VS Code\bin;C:\Program Files\Git\cmd;C:\yt-dlp;C:\Program Files\Apache\Maven\bin;C:\Users\himan\AppData\Local\Programs\Python\Python312\Scripts\;C:\Users\himan\AppData\Local\Programs\Python\Python312\;C:\Users\himan\AppData\Local\Programs\Python\Launcher\;C:\Users\himan\AppData\Local\Microsoft\WindowsApps;C:\Users\himan\AppData\Roaming\npm;C:\Program Files\heroku\bin;C:\Users\himan\AppData\Local\Microsoft\WinGet\Packages\Gyan.FFmpeg_Microsoft.Winget.Source_8wekyb3d8bbwe\ffmpeg-7.1-full_build\bin;C:\Users\himan\AppData\Local\Programs\MiKTeX\miktex\bin\x64\;;."/>
    <property name="java.vm.info" value="mixed mode, sharing"/>
    <property name="stderr.encoding" value="Cp1252"/>
    <property name="java.vendor" value="Eclipse Adoptium"/>
    <property name="java.vm.version" value="21.0.4+7-LTS"/>
    <property name="sun.io.unicode.encoding" value="UnicodeLittle"/>
    <property name="java.class.version" value="65.0"/>
  </properties>
  <testcase name="testApp" classname="com.himanshu.weather.AppTest" time="0.003"/>
</testsuite>